[27/Oct/2021:07:49:25] (I): WordPress Instance Info:
[27/Oct/2021:07:49:25] (I): Home URL : https://www.sandt.org
[27/Oct/2021:07:49:25] (I): Site URL : https://www.sandt.org
[27/Oct/2021:07:49:25] (I): WordPress Version : 5.8.1
[27/Oct/2021:07:49:25] (I): Onboarding Version : 1.1.18
[27/Oct/2021:07:49:25] (I): Multisite : No
[27/Oct/2021:07:49:25] (I): Server Info : nginx/1.21.1
[27/Oct/2021:07:49:25] (I): PHP Version : 7.4.22
[27/Oct/2021:07:49:25] (I): HTTPS : Yes
[27/Oct/2021:07:49:25] (I): PHP Max Execution Time : 600
[27/Oct/2021:07:49:25] (I): PHP Max Input Vars : 1000
[27/Oct/2021:07:49:25] (I): Max Upload Size : 83886080
[27/Oct/2021:07:49:25] (I): Plugins:
[27/Oct/2021:07:49:25] (I): [PLUGIN] All-in-One WP Migration : v7.49 (ServMask)
[27/Oct/2021:07:49:25] (I): [PLUGIN] All-in-One WP Migration Unlimited Extension : v2.42 (ServMask)
[27/Oct/2021:07:49:25] (I): [PLUGIN] All in One SEO Pro : v4.1.4.4 (All in One SEO Team)
[27/Oct/2021:07:49:25] (I): [PLUGIN] Elementor Blocks for Gutenberg : v1.0.1 (Elementor.com)
[27/Oct/2021:07:49:25] (I): [PLUGIN] Change WordPress Login Logo : v1.1.7 (Boopathi Rajan)
[27/Oct/2021:07:49:25] (I): [PLUGIN] Download Plugins and Themes from Dashboard : v1.8.0 (WPFactory)
[27/Oct/2021:07:49:25] (I): [PLUGIN] Elementor Pro : v3.4.1 (Elementor.com)
[27/Oct/2021:07:49:25] (I): [PLUGIN] Elementor : v3.4.6 (Elementor.com)
[27/Oct/2021:07:49:25] (I): [PLUGIN] Site Kit by Google : v1.44.0 (Google)
[27/Oct/2021:07:49:25] (I): [PLUGIN] Loginizer : v1.6.7 (Softaculous)
[27/Oct/2021:07:49:25] (I): [PLUGIN] Neve Pro Addon : v2.0.6 (ThemeIsle)
[27/Oct/2021:07:49:25] (I): [PLUGIN] Gutenberg Blocks and Template Library by Otter : v1.7.1 (ThemeIsle)
[27/Oct/2021:07:49:25] (I): [PLUGIN] Slider Revolution Particles Effect : v3.2.2 (ThemePunch)
[27/Oct/2021:07:49:25] (I): [PLUGIN] Slider Revolution : v6.5.9 (ThemePunch)
[27/Oct/2021:07:49:25] (I): [PLUGIN] Simply Static : v2.1.5.1 (Patrick Posner)
[27/Oct/2021:07:49:25] (I): [PLUGIN] SVG Support : v2.3.19 (Benbodhi)
[27/Oct/2021:07:49:25] (I): [PLUGIN] Templates Patterns Collection : v1.1.18 (ThemeIsle)
[27/Oct/2021:07:49:25] (I): [PLUGIN] Ultimate Addons for Gutenberg : v1.25.0 (Brainstorm Force)
[27/Oct/2021:07:49:25] (I): [PLUGIN] W3 Total Cache : v2.1.9 (BoldGrid)
[27/Oct/2021:07:49:25] (I): [PLUGIN] WP 2FA - Two-factor authentication for WordPress : v1.7.1 (WP White Security)
[27/Oct/2021:07:49:25] (I): [PLUGIN] Asset CleanUp Pro: Page Speed Booster : v1.1.8.9 (Gabe Livan)
[27/Oct/2021:07:49:25] (I): [PLUGIN] Asset CleanUp: Page Speed Booster : v1.3.8.4 (Gabe Livan)
[27/Oct/2021:07:49:25] (I): [PLUGIN] WP File Manager : v7.1.2 (mndpsingh287)
[27/Oct/2021:07:49:25] (I): [PLUGIN] WP-Optimize - Clean, Compress, Cache : v3.1.12 (David Anderson, Ruhani Rabin, Team Updraft)
[27/Oct/2021:07:49:25] (I): [PLUGIN] Zoho Mail : v1.4.7 (Zoho Mail)
